<?xml version="1.0" encoding="UTF-8"?>
<!-- Generated by org.testng.reporters.JUnitReportReporter -->
<testsuite skipped="0" hostname="DESKTOP-TLIRE04" name="tasks.makeMyTrip" tests="1" failures="0" timestamp="2022-06-10T17:39:00 IST" time="170.458" errors="0">
  <testcase name="bookTicket" time="170.458" classname="tasks.makeMyTrip"/>
  <system-out/>
</testsuite> <!-- tasks.makeMyTrip -->
