<?xml version="1.0" encoding="UTF-8"?>
<!-- Generated by org.testng.reporters.JUnitReportReporter -->
<testsuite skipped="0" hostname="DESKTOP-TLIRE04" name="tasks.D3_Task1Test" tests="1" failures="0" timestamp="2024-09-26T14:41:49 IST" time="145.184" errors="0">
  <testcase name="practicalTest" time="145.184" classname="tasks.D3_Task1Test"/>
  <system-out/>
</testsuite> <!-- tasks.D3_Task1Test -->
